mktextfm pplr7t
mktextfm phvr7t
mktextfm phvr7t
mktextfm phvr7t
mktextfm phvr7t
mktextfm phvb7t
mktextfm nullfont
mktextfm phvr7t
mktextfm phvro7t
mktextfm nullfont
mktextfm phvro7t
mktextfm nullfont
mktextfm phvro7t
mktextfm nullfont
mktextfm phvb7t
mktextfm nullfont
mktextfm pplr7t
mktextfm phvr7t
mktextfm phvr7t
mktextfm phvr7t
mktextfm phvr7t
mktextfm phvb7t
mktextfm nullfont
mktextfm phvr7t
mktextfm phvro7t
mktextfm nullfont
mktextfm phvro7t
mktextfm nullfont
mktextfm phvro7t
mktextfm nullfont
mktextfm phvb7t
mktextfm nullfont
mktextfm pplr7t
mktextfm phvr7t
mktextfm phvr7t
mktextfm phvr7t
mktextfm phvr7t
mktextfm phvb7t
mktextfm nullfont
mktextfm phvr7t
mktextfm phvro7t
mktextfm nullfont
mktextfm phvro7t
mktextfm nullfont
mktextfm phvro7t
mktextfm nullfont
mktextfm phvb7t
mktextfm nullfont
mktextfm pplr7t
mktextfm phvr7t
mktextfm phvr7t
mktextfm phvr7t
mktextfm phvr7t
mktextfm phvb7t
mktextfm nullfont
mktextfm phvr7t
mktextfm phvro7t
mktextfm nullfont
mktextfm phvro7t
mktextfm nullfont
mktextfm phvro7t
mktextfm nullfont
mktextfm pplr7t
mktextfm phvr7t
mktextfm phvr7t
mktextfm phvr7t
mktextfm phvr7t
mktextfm phvb7t
mktextfm nullfont
mktextfm phvr7t
mktextfm phvro7t
mktextfm nullfont
mktextfm phvro7t
mktextfm nullfont
mktextfm phvro7t
mktextfm nullfont
mktextfm pplr7t
mktextfm phvr7t
mktextfm phvr7t
mktextfm phvr7t
mktextfm phvr7t
mktextfm phvb7t
mktextfm nullfont
mktextfm phvr7t
mktextfm phvro7t
mktextfm nullfont
mktextfm phvro7t
mktextfm nullfont
mktextfm phvro7t
mktextfm nullfont
mktextfm pplr7t
mktextfm phvr7t
mktextfm phvr7t
mktextfm phvr7t
mktextfm phvr7t
mktextfm phvb7t
mktextfm nullfont
mktextfm phvr7t
mktextfm phvro7t
mktextfm nullfont
mktextfm phvro7t
mktextfm nullfont
mktextfm phvro7t
mktextfm nullfont
mktextfm pplr7t
mktextfm phvr7t
mktextfm phvr7t
mktextfm phvr7t
mktextfm pcrr7t
mktextfm phvr7t
mktextfm phvb7t
mktextfm nullfont
mktextfm phvr7t
mktextfm phvro7t
mktextfm nullfont
mktextfm phvro7t
mktextfm nullfont
mktextfm phvro7t
mktextfm nullfont
